\BOOKMARK [1][-]{section.1}{}{}% 1
\BOOKMARK [2][-]{subsection.1.1}{\376\377\000\040\000x\0002\000\040\0001\000x\000\040}{section.1}% 2
\BOOKMARK [2][-]{subsection.1.2}{\376\377\000\040\000e\000x\000\040\000+\000\040\000e\000-\000x\0002\000\040}{section.1}% 3
\BOOKMARK [2][-]{subsection.1.3}{\376\377\000\040\000e\000x\000\040\000-\000\040\000e\000-\000x\0002\000\040}{section.1}% 4
\BOOKMARK [2][-]{subsection.1.4}{\376\377\000\040\000e\000x\000\040\000+\000\040\000e\000e\000x\000\040\000+\000\040\000e\000e\000e\000x\000\040}{section.1}% 5
\BOOKMARK [2][-]{subsection.1.5}{\376\377\000\040\000x\000x\000x\000x\000\040}{section.1}% 6
\BOOKMARK [1][-]{section.2}{}{}% 7
\BOOKMARK [2][-]{subsection.2.1}{\376\377\000P\000r\000o\000v\000e\000\040\000t\000h\000e\000\040\000f\000o\000l\000l\000o\000w\000i\000n\000g\000:}{section.2}% 8
\BOOKMARK [2][-]{subsection.2.2}{\376\377\000\040\000P\000r\000o\000v\000i\000d\000e\000\040\000a\000n\000\040\000e\000x\000a\000m\000p\000l\000e\000\040\000o\000f\000\040\000b\000o\000u\000n\000d\000e\000d\000\040\000d\000i\000f\000f\000e\000r\000e\000n\000t\000i\000a\000b\000l\000e\000\040\000f\000u\000n\000c\000t\000i\000o\000n\000\040\000o\000n\000\040\000[\000-\0001\000,\0001\000]\000\040\000w\000i\000t\000h\000\040\000a\000n\000\040\000u\000n\000b\000o\000u\000n\000d\000e\000d\000\040\000d\000e\000r\000i\000v\000a\000t\000i\000v\000e\000.\000\040}{section.2}% 9
\BOOKMARK [2][-]{subsection.2.3}{\376\377\000P\000r\000o\000v\000e\000\040\000t\000h\000e\000\040\000f\000o\000l\000l\000o\000w\000i\000n\000g\000:}{section.2}% 10
\BOOKMARK [1][-]{section.3}{}{}% 11
\BOOKMARK [2][-]{subsection.3.1}{\376\377\000\040\000\050\000a\000x\000\051\000\050\000b\000x\000\051\000\040}{section.3}% 12
\BOOKMARK [2][-]{subsection.3.2}{\376\377\000\040\000x\000k\000\040\0001\000x\000\040}{section.3}% 13
\BOOKMARK [2][-]{subsection.3.3}{\376\377\000\040\000f\000\050\000x\000\051\000\040\000=\000\040\000\040\000e\000-\0001\000x\0002\000,\000\040\000x\000\040\000>\000\040\0000\000\040\0000\000,\000\040\000x\000\040\0000\000\040\000.\000\040}{section.3}% 14
\BOOKMARK [1][-]{section.4}{}{}% 15
\BOOKMARK [1][-]{section.5}{}{}% 16
\BOOKMARK [2][-]{subsection.5.1}{\376\377\000\040\000l\000i\000m\000x\000\040\0000\000\040\000x\000\040\000-\000\040\000x\000x\0003\000\040}{section.5}% 17
\BOOKMARK [2][-]{subsection.5.2}{\376\377\000\040\000l\000i\000m\000x\000\040\0000\000\040\000\050\000x\000\051\000\040\000-\000\040\000\050\000x\000\051\000x\000\040\000-\000\040\000x\000\040}{section.5}% 18
\BOOKMARK [2][-]{subsection.5.3}{\376\377\000\040\000l\000i\000m\000x\000\040\000+\000\040\000x\000x\000\050\000x\000\051\000x\000\040}{section.5}% 19
\BOOKMARK [1][-]{section.6}{}{}% 20
